<?xml version="1.0" encoding="UTF-8"?>
<testng-results ignored="0" total="1" passed="1" failed="0" skipped="0">
  <reporter-output>
  </reporter-output>
  <suite started-at="2022-06-15T13:31:33 BDT" name="Default suite" finished-at="2022-06-15T13:31:55 BDT" duration-ms="21459">
    <groups>
    </groups>
    <test started-at="2022-06-15T13:31:33 BDT" name="Default test" finished-at="2022-06-15T13:31:55 BDT" duration-ms="21459">
      <class name="distributionsettings.ManageZone">
        <test-method is-config="true" signature="setDriver()[pri:0, instance:distributionsettings.ManageZone@33d512c1]" started-at="2022-06-15T13:31:24 BDT" name="setDriver" finished-at="2022-06-15T13:31:33 BDT" duration-ms="8990" status="PASS">
          <reporter-output>
          </reporter-output>
        </test-method> <!-- setDriver -->
        <test-method signature="Salesforce()[pri:0, instance:distributionsettings.ManageZone@33d512c1]" started-at="2022-06-15T13:31:33 BDT" name="Salesforce" finished-at="2022-06-15T13:31:55 BDT" duration-ms="21346" status="PASS">
          <reporter-output>
          </reporter-output>
        </test-method> <!-- Salesforce -->
        <test-method is-config="true" signature="close()[pri:0, instance:distributionsettings.ManageZone@33d512c1]" started-at="2022-06-15T13:31:55 BDT" name="close" finished-at="2022-06-15T13:31:56 BDT" duration-ms="839" status="PASS">
          <reporter-output>
          </reporter-output>
        </test-method> <!-- close -->
      </class> <!-- distributionsettings.ManageZone -->
    </test> <!-- Default test -->
  </suite> <!-- Default suite -->
</testng-results>
